[1229/150535:INFO:nw_package.cc(175)] "D:\GQ-Messenger\nwjs-v0.13.0-alpha7-win-x64\nw.exe"
[1229/150537:INFO:nw_package.cc(175)] "D:\GQ-Messenger\nwjs-v0.13.0-alpha7-win-x64\nw.exe"
[1229/150543:INFO:nw_package.cc(175)] "D:\GQ-Messenger\nwjs-v0.13.0-alpha7-win-x64\nw.exe"
[1229/150922:INFO:nw_package.cc(175)] "D:\GQ-Messenger\nwjs-v0.13.0-alpha7-win-x64\nw.exe"
[1229/151028:INFO:nw_package.cc(175)] "D:\GQ-Messenger\nwjs-v0.13.0-alpha7-win-x64\nw.exe"
[1229/151040:INFO:nw_package.cc(175)] "D:\GQ-Messenger\nwjs-v0.13.0-alpha7-win-x64\nw.exe"
[1229/151053:INFO:nw_package.cc(175)] "D:\GQ-Messenger\nwjs-v0.13.0-alpha7-win-x64\nw.exe"
[1229/151125:INFO:nw_package.cc(175)] "D:\GQ-Messenger\nwjs-v0.13.0-alpha7-win-x64\nw.exe"
[1229/151155:INFO:nw_package.cc(175)] "D:\GQ-Messenger\nwjs-v0.13.0-alpha7-win-x64\nw.exe"
[1229/151338:INFO:nw_package.cc(175)] "D:\GQ-Messenger\nwjs-v0.13.0-alpha7-win-x64\nw.exe"
[1229/151427:INFO:nw_package.cc(175)] "D:\GQ-Messenger\nwjs-v0.13.0-alpha7-win-x64\nw.exe"
[1229/151442:INFO:nw_package.cc(175)] "D:\GQ-Messenger\nwjs-v0.13.0-alpha7-win-x64\nw.exe"
[1229/151511:INFO:nw_package.cc(175)] "D:\GQ-Messenger\nwjs-v0.13.0-alpha7-win-x64\nw.exe"
[1229/154646:INFO:nw_package.cc(175)] "D:\GQ-Messenger\nwjs-v0.13.0-alpha7-win-x64\nw.exe"
[1229/154822:INFO:nw_package.cc(175)] "D:\GQ-Messenger\nwjs-v0.13.0-alpha7-win-x64\nw.exe"
[1229/154950:INFO:nw_package.cc(175)] "D:\GQ-Messenger\nwjs-v0.13.0-alpha7-win-x64\nw.exe"
[1229/155500:INFO:nw_package.cc(175)] "D:\GQ-Messenger\nwjs-v0.13.0-alpha7-win-x64\nw.exe"
[1229/155658:INFO:nw_package.cc(175)] "D:\GQ-Messenger\nwjs-v0.13.0-alpha7-win-x64\nw.exe"
[1229/155726:INFO:nw_package.cc(175)] "D:\GQ-Messenger\nwjs-v0.13.0-alpha7-win-x64\nw.exe"
[1229/155818:INFO:nw_package.cc(175)] "D:\GQ-Messenger\nwjs-v0.13.0-alpha7-win-x64\nw.exe"
[1229/160223:INFO:nw_package.cc(175)] "D:\GQ-Messenger\nwjs-v0.13.0-alpha7-win-x64\nw.exe"
[1229/160331:INFO:nw_package.cc(175)] "D:\GQ-Messenger\nwjs-v0.13.0-alpha7-win-x64\nw.exe"
[1229/160510:INFO:nw_package.cc(175)] "D:\GQ-Messenger\nwjs-v0.13.0-alpha7-win-x64\nw.exe"
[1229/160948:INFO:nw_package.cc(175)] "D:\GQ-Messenger\nwjs-v0.13.0-alpha7-win-x64\nw.exe"
[1229/161609:INFO:nw_package.cc(175)] "D:\GQ-Messenger\nwjs-v0.13.0-alpha7-win-x64\nw.exe"
[1229/161642:INFO:nw_package.cc(175)] "D:\GQ-Messenger\nwjs-v0.13.0-alpha7-win-x64\nw.exe"
[1229/161723:INFO:nw_package.cc(175)] "D:\GQ-Messenger\nwjs-v0.13.0-alpha7-win-x64\nw.exe"
[1229/161810:INFO:nw_package.cc(175)] "D:\GQ-Messenger\nwjs-v0.13.0-alpha7-win-x64\nw.exe"
[1230/102324:INFO:nw_package.cc(175)] "D:\GQ-Messenger\nwjs-v0.13.0-alpha7-win-x64\nw.exe"
[1230/102709:INFO:nw_package.cc(175)] "D:\GQ-Messenger\nwjs-v0.13.0-alpha7-win-x64\nw.exe"
[1230/102848:INFO:nw_package.cc(175)] "D:\GQ-Messenger\nwjs-v0.13.0-alpha7-win-x64\nw.exe"
[1230/102949:INFO:nw_package.cc(175)] "D:\GQ-Messenger\nwjs-v0.13.0-alpha7-win-x64\nw.exe"
[0119/123749:INFO:nw_package.cc(175)] "E:\nwjs-v0.13.0-alpha7-win-x64\nw.exe"
[0119/123754:ERROR:image_metadata_extractor.cc(112)] Couldn't load libexif. 126
[0119/123829:INFO:nw_package.cc(175)] "E:\nwjs-v0.13.0-alpha7-win-x64\nw.exe"
[0119/123859:ERROR:image_metadata_extractor.cc(112)] Couldn't load libexif. 126
[0119/123930:ERROR:image_metadata_extractor.cc(112)] Couldn't load libexif. 126
[0119/152948:INFO:nw_package.cc(175)] "E:\nwjs-v0.13.0-alpha7-win-x64\nw.exe"
[0121/122055:INFO:nw_package.cc(175)] "E:\nwjs-v0.13.0-alpha7-win-x64\nw.exe"
[0121/122609:INFO:nw_package.cc(175)] "E:\nwjs-v0.13.0-alpha7-win-x64\nw.exe"
[0121/122710:ERROR:image_metadata_extractor.cc(112)] Couldn't load libexif. 126
[0121/122818:INFO:nw_package.cc(175)] "E:\nwjs-v0.13.0-alpha7-win-x64\nw.exe"
[0121/122902:INFO:nw_package.cc(175)] "E:\nwjs-v0.13.0-alpha7-win-x64\nw.exe"
[0121/123121:INFO:nw_package.cc(175)] "E:\nwjs-v0.13.0-alpha7-win-x64\nw.exe"
[0121/125907:INFO:nw_package.cc(175)] "E:\nwjs-v0.13.0-alpha7-win-x64\nw.exe"
[0121/125913:INFO:nw_package.cc(175)] "E:\nwjs-v0.13.0-alpha7-win-x64\nw.exe"
[0121/152102:INFO:nw_package.cc(175)] "E:\nwjs-v0.13.0-alpha7-win-x64\nw.exe"
[0121/152304:INFO:nw_package.cc(175)] "E:\nwjs-v0.13.0-alpha7-win-x64\nw.exe"
[0121/152430:INFO:nw_package.cc(175)] "E:\nwjs-v0.13.0-alpha7-win-x64\nw.exe"
[0121/152453:INFO:nw_package.cc(175)] "E:\nwjs-v0.13.0-alpha7-win-x64\nw.exe"
[0121/154604:INFO:nw_package.cc(175)] "E:\nwjs-v0.13.0-alpha7-win-x64\nw.exe"
[0121/154704:INFO:nw_package.cc(175)] "E:\nwjs-v0.13.0-alpha7-win-x64\nw.exe"
[0121/154923:INFO:nw_package.cc(175)] "E:\nwjs-v0.13.0-alpha7-win-x64\nw.exe"
[0121/155131:INFO:nw_package.cc(175)] "E:\nwjs-v0.13.0-alpha7-win-x64\nw.exe"
[0121/155205:INFO:nw_package.cc(175)] "E:\nwjs-v0.13.0-alpha7-win-x64\nw.exe"
[0122/103424:INFO:nw_package.cc(175)] "E:\nwjs-v0.13.0-alpha7-win-x64\nw.exe"
[0122/104158:INFO:nw_package.cc(175)] "E:\nwjs-v0.13.0-alpha7-win-x64\nw.exe"
[0122/104221:INFO:nw_package.cc(175)] "E:\nwjs-v0.13.0-alpha7-win-x64\nw.exe"
[0122/104432:INFO:nw_package.cc(175)] "E:\nwjs-v0.13.0-alpha7-win-x64\nw.exe"
[0122/110747:INFO:nw_package.cc(175)] "E:\nwjs-v0.13.0-alpha7-win-x64\nw.exe"
[0122/110948:INFO:nw_package.cc(175)] "E:\nwjs-v0.13.0-alpha7-win-x64\nw.exe"
[0122/111058:INFO:nw_package.cc(175)] "E:\nwjs-v0.13.0-alpha7-win-x64\nw.exe"
[0122/111307:INFO:nw_package.cc(175)] "E:\nwjs-v0.13.0-alpha7-win-x64\nw.exe"
[0122/111649:INFO:nw_package.cc(175)] "E:\nwjs-v0.13.0-alpha7-win-x64\nw.exe"
[0122/111920:INFO:nw_package.cc(175)] "E:\nwjs-v0.13.0-alpha7-win-x64\nw.exe"
[0122/112149:INFO:nw_package.cc(175)] "E:\nwjs-v0.13.0-alpha7-win-x64\nw.exe"
[0122/112816:INFO:nw_package.cc(175)] "E:\nwjs-v0.13.0-alpha7-win-x64\nw.exe"
[0122/112951:INFO:nw_package.cc(175)] "E:\nwjs-v0.13.0-alpha7-win-x64\nw.exe"
[0122/113100:INFO:nw_package.cc(175)] "E:\nwjs-v0.13.0-alpha7-win-x64\nw.exe"
[0122/113606:INFO:nw_package.cc(175)] "E:\nwjs-v0.13.0-alpha7-win-x64\nw.exe"
[0122/113751:INFO:nw_package.cc(175)] "E:\nwjs-v0.13.0-alpha7-win-x64\nw.exe"
[0122/114017:INFO:nw_package.cc(175)] "E:\nwjs-v0.13.0-alpha7-win-x64\nw.exe"
[0122/114313:INFO:nw_package.cc(175)] "E:\nwjs-v0.13.0-alpha7-win-x64\nw.exe"
[0122/114512:INFO:nw_package.cc(175)] "E:\nwjs-v0.13.0-alpha7-win-x64\nw.exe"
[0122/114815:INFO:nw_package.cc(175)] "E:\nwjs-v0.13.0-alpha7-win-x64\nw.exe"
[0122/114852:INFO:nw_package.cc(175)] "E:\nwjs-v0.13.0-alpha7-win-x64\nw.exe"
[0122/150530:INFO:nw_package.cc(175)] "E:\nwjs-v0.13.0-alpha7-win-x64\nw.exe"
[0122/150640:INFO:nw_package.cc(175)] "E:\nwjs-v0.13.0-alpha7-win-x64\nw.exe"
[0122/150740:ERROR:image_metadata_extractor.cc(112)] Couldn't load libexif. 126
[0122/150806:INFO:nw_package.cc(175)] "E:\nwjs-v0.13.0-alpha7-win-x64\nw.exe"
[0122/151824:INFO:nw_package.cc(175)] "E:\nwjs-v0.13.0-alpha7-win-x64\nw.exe"
[0122/152310:INFO:nw_package.cc(175)] "E:\nwjs-v0.13.0-alpha7-win-x64\nw.exe"
[0122/153031:INFO:nw_package.cc(175)] "E:\nwjs-v0.13.0-alpha7-win-x64\nw.exe"
[0122/153236:INFO:nw_package.cc(175)] "E:\nwjs-v0.13.0-alpha7-win-x64\nw.exe"
[0122/153357:INFO:nw_package.cc(175)] "E:\nwjs-v0.13.0-alpha7-win-x64\nw.exe"
[0122/153921:INFO:nw_package.cc(175)] "E:\nwjs-v0.13.0-alpha7-win-x64\nw.exe"
[0122/154035:INFO:nw_package.cc(175)] "E:\nwjs-v0.13.0-alpha7-win-x64\nw.exe"
[0122/154216:INFO:nw_package.cc(175)] "E:\nwjs-v0.13.0-alpha7-win-x64\nw.exe"
[0122/154545:INFO:nw_package.cc(175)] "E:\nwjs-v0.13.0-alpha7-win-x64\nw.exe"
[0122/154738:INFO:nw_package.cc(175)] "E:\nwjs-v0.13.0-alpha7-win-x64\nw.exe"
[0122/154933:INFO:nw_package.cc(175)] "E:\nwjs-v0.13.0-alpha7-win-x64\nw.exe"
[0122/155246:INFO:nw_package.cc(175)] "E:\nwjs-v0.13.0-alpha7-win-x64\nw.exe"
[0122/155304:INFO:nw_package.cc(175)] "E:\nwjs-v0.13.0-alpha7-win-x64\nw.exe"
[0122/155359:INFO:nw_package.cc(175)] "E:\nwjs-v0.13.0-alpha7-win-x64\nw.exe"
[0122/155649:INFO:nw_package.cc(175)] "E:\nwjs-v0.13.0-alpha7-win-x64\nw.exe"
[0122/160042:INFO:nw_package.cc(175)] "E:\nwjs-v0.13.0-alpha7-win-x64\nw.exe"
[0122/160215:INFO:nw_package.cc(175)] "E:\nwjs-v0.13.0-alpha7-win-x64\nw.exe"
[0122/160422:INFO:nw_package.cc(175)] "E:\nwjs-v0.13.0-alpha7-win-x64\nw.exe"
[0122/160910:INFO:nw_package.cc(175)] "E:\nwjs-v0.13.0-alpha7-win-x64\nw.exe"
[0122/161030:INFO:nw_package.cc(175)] "E:\nwjs-v0.13.0-alpha7-win-x64\nw.exe"
[0122/161321:INFO:nw_package.cc(175)] "E:\nwjs-v0.13.0-alpha7-win-x64\nw.exe"
[0122/161840:INFO:nw_package.cc(175)] "E:\nwjs-v0.13.0-alpha7-win-x64\nw.exe"
[0122/161917:INFO:nw_package.cc(175)] "E:\nwjs-v0.13.0-alpha7-win-x64\nw.exe"
[0122/162039:INFO:nw_package.cc(175)] "E:\nwjs-v0.13.0-alpha7-win-x64\nw.exe"
[0122/162254:INFO:nw_package.cc(175)] "E:\nwjs-v0.13.0-alpha7-win-x64\nw.exe"
[0122/162510:INFO:nw_package.cc(175)] "E:\nwjs-v0.13.0-alpha7-win-x64\nw.exe"
[0122/162659:INFO:nw_package.cc(175)] "E:\nwjs-v0.13.0-alpha7-win-x64\nw.exe"
[0122/162858:INFO:nw_package.cc(175)] "E:\nwjs-v0.13.0-alpha7-win-x64\nw.exe"
[0122/163142:INFO:nw_package.cc(175)] "E:\nwjs-v0.13.0-alpha7-win-x64\nw.exe"
[0122/163511:INFO:nw_package.cc(175)] "E:\nwjs-v0.13.0-alpha7-win-x64\nw.exe"
[0122/163613:INFO:nw_package.cc(175)] "E:\nwjs-v0.13.0-alpha7-win-x64\nw.exe"
[0122/163819:INFO:nw_package.cc(175)] "E:\nwjs-v0.13.0-alpha7-win-x64\nw.exe"
[0122/163935:INFO:nw_package.cc(175)] "E:\nwjs-v0.13.0-alpha7-win-x64\nw.exe"
[0122/164027:INFO:nw_package.cc(175)] "E:\nwjs-v0.13.0-alpha7-win-x64\nw.exe"
[0122/164155:INFO:nw_package.cc(175)] "E:\nwjs-v0.13.0-alpha7-win-x64\nw.exe"
[0122/164250:INFO:nw_package.cc(175)] "E:\nwjs-v0.13.0-alpha7-win-x64\nw.exe"
[0122/164403:INFO:nw_package.cc(175)] "E:\nwjs-v0.13.0-alpha7-win-x64\nw.exe"
[0122/164453:INFO:nw_package.cc(175)] "E:\nwjs-v0.13.0-alpha7-win-x64\nw.exe"
[0122/164545:INFO:nw_package.cc(175)] "E:\nwjs-v0.13.0-alpha7-win-x64\nw.exe"
[0122/164704:INFO:nw_package.cc(175)] "E:\nwjs-v0.13.0-alpha7-win-x64\nw.exe"
[0122/164931:INFO:nw_package.cc(175)] "E:\nwjs-v0.13.0-alpha7-win-x64\nw.exe"
[0122/165058:INFO:nw_package.cc(175)] "E:\nwjs-v0.13.0-alpha7-win-x64\nw.exe"
[0122/165710:INFO:nw_package.cc(175)] "E:\nwjs-v0.13.0-alpha7-win-x64\nw.exe"
[0122/165823:INFO:nw_package.cc(175)] "E:\nwjs-v0.13.0-alpha7-win-x64\nw.exe"
[0122/165911:INFO:nw_package.cc(175)] "E:\nwjs-v0.13.0-alpha7-win-x64\nw.exe"
[0122/170331:INFO:nw_package.cc(175)] "E:\nwjs-v0.13.0-alpha7-win-x64\nw.exe"
[0122/170523:INFO:nw_package.cc(175)] "E:\nwjs-v0.13.0-alpha7-win-x64\nw.exe"
[0122/170647:INFO:nw_package.cc(175)] "E:\nwjs-v0.13.0-alpha7-win-x64\nw.exe"
[0122/170828:INFO:nw_package.cc(175)] "E:\nwjs-v0.13.0-alpha7-win-x64\nw.exe"
[0122/170920:INFO:nw_package.cc(175)] "E:\nwjs-v0.13.0-alpha7-win-x64\nw.exe"
[0122/171055:INFO:nw_package.cc(175)] "E:\nwjs-v0.13.0-alpha7-win-x64\nw.exe"
[0122/171219:INFO:nw_package.cc(175)] "E:\nwjs-v0.13.0-alpha7-win-x64\nw.exe"
[0122/171339:INFO:nw_package.cc(175)] "E:\nwjs-v0.13.0-alpha7-win-x64\nw.exe"
[0122/171413:INFO:nw_package.cc(175)] "E:\nwjs-v0.13.0-alpha7-win-x64\nw.exe"
[0122/171541:INFO:nw_package.cc(175)] "E:\nwjs-v0.13.0-alpha7-win-x64\nw.exe"
[0122/171640:INFO:nw_package.cc(175)] "E:\nwjs-v0.13.0-alpha7-win-x64\nw.exe"
[0122/171822:INFO:nw_package.cc(175)] "E:\nwjs-v0.13.0-alpha7-win-x64\nw.exe"
[0122/172136:INFO:nw_package.cc(175)] "E:\nwjs-v0.13.0-alpha7-win-x64\nw.exe"
[0122/172311:INFO:nw_package.cc(175)] "E:\nwjs-v0.13.0-alpha7-win-x64\nw.exe"
[0122/172507:INFO:nw_package.cc(175)] "E:\nwjs-v0.13.0-alpha7-win-x64\nw.exe"
[0122/173101:INFO:nw_package.cc(175)] "E:\nwjs-v0.13.0-alpha7-win-x64\nw.exe"
[0125/103406:INFO:nw_package.cc(175)] "E:\nwjs-v0.13.0-alpha7-win-x64\nw.exe"
[0125/103507:ERROR:image_metadata_extractor.cc(112)] Couldn't load libexif. 126
[0125/103714:INFO:nw_package.cc(175)] "E:\nwjs-v0.13.0-alpha7-win-x64\nw.exe"
[0125/104004:INFO:nw_package.cc(175)] "E:\nwjs-v0.13.0-alpha7-win-x64\nw.exe"
[0125/111553:INFO:nw_package.cc(175)] "E:\nwjs-v0.13.0-alpha7-win-x64\nw.exe"
[0125/111704:INFO:nw_package.cc(175)] "E:\nwjs-v0.13.0-alpha7-win-x64\nw.exe"
[0125/111746:INFO:nw_package.cc(175)] "E:\nwjs-v0.13.0-alpha7-win-x64\nw.exe"
[0125/111834:INFO:nw_package.cc(175)] "E:\nwjs-v0.13.0-alpha7-win-x64\nw.exe"
[0125/111948:INFO:nw_package.cc(175)] "E:\nwjs-v0.13.0-alpha7-win-x64\nw.exe"
[0125/112157:INFO:nw_package.cc(175)] "E:\nwjs-v0.13.0-alpha7-win-x64\nw.exe"
[0125/180906:INFO:nw_package.cc(175)] "E:\nwjs-v0.13.0-alpha7-win-x64\nw.exe"
[0125/180936:INFO:nw_package.cc(175)] "E:\nwjs-v0.13.0-alpha7-win-x64\nw.exe"
[0125/181026:INFO:nw_package.cc(175)] "E:\nwjs-v0.13.0-alpha7-win-x64\nw.exe"
[0125/181307:INFO:nw_package.cc(175)] "E:\nwjs-v0.13.0-alpha7-win-x64\nw.exe"
[0125/181553:INFO:nw_package.cc(175)] "E:\nwjs-v0.13.0-alpha7-win-x64\nw.exe"
[0125/183055:INFO:nw_package.cc(175)] "E:\nwjs-v0.13.0-alpha7-win-x64\nw.exe"
[0125/183242:INFO:nw_package.cc(175)] "E:\nwjs-v0.13.0-alpha7-win-x64\nw.exe"
[0125/183325:INFO:nw_package.cc(175)] "E:\nwjs-v0.13.0-alpha7-win-x64\nw.exe"
[0125/183533:INFO:nw_package.cc(175)] "E:\nwjs-v0.13.0-alpha7-win-x64\nw.exe"
[0125/183806:INFO:nw_package.cc(175)] "E:\nwjs-v0.13.0-alpha7-win-x64\nw.exe"
[0125/183833:INFO:nw_package.cc(175)] "E:\nwjs-v0.13.0-alpha7-win-x64\nw.exe"
[0125/183922:INFO:nw_package.cc(175)] "E:\nwjs-v0.13.0-alpha7-win-x64\nw.exe"
[0125/184022:INFO:nw_package.cc(175)] "E:\nwjs-v0.13.0-alpha7-win-x64\nw.exe"
[0125/184115:INFO:nw_package.cc(175)] "E:\nwjs-v0.13.0-alpha7-win-x64\nw.exe"
[0125/184654:INFO:nw_package.cc(175)] "E:\nwjs-v0.13.0-alpha7-win-x64\nw.exe"
[0125/184743:INFO:nw_package.cc(175)] "E:\nwjs-v0.13.0-alpha7-win-x64\nw.exe"
[0125/185012:INFO:nw_package.cc(175)] "E:\nwjs-v0.13.0-alpha7-win-x64\nw.exe"
[0125/185135:INFO:nw_package.cc(175)] "E:\nwjs-v0.13.0-alpha7-win-x64\nw.exe"
[0125/185250:INFO:nw_package.cc(175)] "E:\nwjs-v0.13.0-alpha7-win-x64\nw.exe"
[0125/185625:INFO:nw_package.cc(175)] "E:\nwjs-v0.13.0-alpha7-win-x64\nw.exe"
[0125/190016:INFO:nw_package.cc(175)] "E:\nwjs-v0.13.0-alpha7-win-x64\nw.exe"
[0125/190122:INFO:nw_package.cc(175)] "E:\nwjs-v0.13.0-alpha7-win-x64\nw.exe"
[0125/190824:INFO:nw_package.cc(175)] "E:\nwjs-v0.13.0-alpha7-win-x64\nw.exe"
[0126/101535:INFO:nw_package.cc(175)] "E:\Gq\nwjs-v0.13.0-alpha7-win-x64\nw.exe"
[0126/101535:ERROR:image_metadata_extractor.cc(112)] Couldn't load libexif. 126
[0126/101605:ERROR:image_metadata_extractor.cc(112)] Couldn't load libexif. 126
[0126/101635:ERROR:image_metadata_extractor.cc(112)] Couldn't load libexif. 126
[0126/101743:INFO:nw_package.cc(175)] "E:\Gq\nwjs-v0.13.0-alpha7-win-x64\nw.exe"
[0126/101900:INFO:nw_package.cc(175)] "E:\Gq\nwjs-v0.13.0-alpha7-win-x64\nw.exe"
[0126/102012:INFO:nw_package.cc(175)] "E:\Gq\nwjs-v0.13.0-alpha7-win-x64\nw.exe"
[0126/102745:INFO:nw_package.cc(175)] "E:\Gq\nwjs-v0.13.0-alpha7-win-x64\nw.exe"
[0126/103615:INFO:nw_package.cc(175)] "E:\Gq\nwjs-v0.13.0-alpha7-win-x64\nw.exe"
[0126/103732:INFO:nw_package.cc(175)] "E:\Gq\nwjs-v0.13.0-alpha7-win-x64\nw.exe"
[0126/104029:INFO:nw_package.cc(175)] "E:\Gq\nwjs-v0.13.0-alpha7-win-x64\nw.exe"
[0126/104529:INFO:nw_package.cc(175)] "E:\Gq\nwjs-v0.13.0-alpha7-win-x64\nw.exe"
[0126/104912:INFO:nw_package.cc(175)] "E:\Gq\nwjs-v0.13.0-alpha7-win-x64\nw.exe"
[0126/105753:INFO:nw_package.cc(175)] "E:\Gq\nwjs-v0.13.0-alpha7-win-x64\nw.exe"
[0126/110116:INFO:nw_package.cc(175)] "E:\Gq\nwjs-v0.13.0-alpha7-win-x64\nw.exe"
[0126/110434:INFO:nw_package.cc(175)] "E:\Gq\nwjs-v0.13.0-alpha7-win-x64\nw.exe"
[0126/110446:INFO:nw_package.cc(175)] "E:\Gq\nwjs-v0.13.0-alpha7-win-x64\nw.exe"
[0126/111042:INFO:nw_package.cc(175)] "E:\Gq\nwjs-v0.13.0-alpha7-win-x64\nw.exe"
[0126/112812:INFO:nw_package.cc(175)] "E:\Gq\nwjs-v0.13.0-alpha7-win-x64\nw.exe"
[0126/113006:INFO:nw_package.cc(175)] "E:\Gq\nwjs-v0.13.0-alpha7-win-x64\nw.exe"
[0126/113509:INFO:nw_package.cc(175)] "E:\Gq\nwjs-v0.13.0-alpha7-win-x64\nw.exe"
[0126/113629:INFO:nw_package.cc(175)] "E:\Gq\nwjs-v0.13.0-alpha7-win-x64\nw.exe"
[0126/113939:INFO:nw_package.cc(175)] "E:\Gq\nwjs-v0.13.0-alpha7-win-x64\nw.exe"
[0126/114053:INFO:nw_package.cc(175)] "E:\Gq\nwjs-v0.13.0-alpha7-win-x64\nw.exe"
[0126/114308:INFO:nw_package.cc(175)] "E:\Gq\nwjs-v0.13.0-alpha7-win-x64\nw.exe"
[0126/114450:INFO:nw_package.cc(175)] "E:\Gq\nwjs-v0.13.0-alpha7-win-x64\nw.exe"
[0126/114520:INFO:nw_package.cc(175)] "E:\Gq\nwjs-v0.13.0-alpha7-win-x64\nw.exe"
[0126/115512:INFO:nw_package.cc(175)] "E:\Gq\nwjs-v0.13.0-alpha7-win-x64\nw.exe"
[0126/115547:INFO:nw_package.cc(175)] "E:\Gq\nwjs-v0.13.0-alpha7-win-x64\nw.exe"
[0126/115641:INFO:nw_package.cc(175)] "E:\Gq\nwjs-v0.13.0-alpha7-win-x64\nw.exe"
[0126/120130:INFO:nw_package.cc(175)] "E:\Gq\nwjs-v0.13.0-alpha7-win-x64\nw.exe"
[0126/122359:INFO:nw_package.cc(175)] "E:\Gq\nwjs-v0.13.0-alpha7-win-x64\nw.exe"
[0126/122449:INFO:nw_package.cc(175)] "E:\Gq\nwjs-v0.13.0-alpha7-win-x64\nw.exe"
[0126/230135:INFO:nw_package.cc(175)] "E:\Gq\nwjs-v0.13.0-alpha7-win-x64\nw.exe"
[0126/230302:INFO:nw_package.cc(175)] "E:\Gq\nwjs-v0.13.0-alpha7-win-x64\nw.exe"
[0126/230543:INFO:nw_package.cc(175)] "E:\Gq\nwjs-v0.13.0-alpha7-win-x64\nw.exe"
[0126/230732:INFO:nw_package.cc(175)] "E:\Gq\nwjs-v0.13.0-alpha7-win-x64\nw.exe"
[0126/230837:INFO:nw_package.cc(175)] "E:\Gq\nwjs-v0.13.0-alpha7-win-x64\nw.exe"
[0127/124741:INFO:nw_package.cc(175)] "E:\nwjs-v0.13.0-alpha7-x64-new\nw.exe"
[0127/125156:INFO:nw_package.cc(175)] "E:\nwjs-v0.13.0-alpha7-x64-new\nw.exe"
[0127/125450:INFO:nw_package.cc(175)] "E:\nwjs-v0.13.0-alpha7-x64-new\nw.exe"
[0127/125551:ERROR:image_metadata_extractor.cc(112)] Couldn't load libexif. 126
[0127/125658:INFO:nw_package.cc(175)] "E:\nwjs-v0.13.0-alpha7-x64-new\nw.exe"
[0127/125737:INFO:nw_package.cc(175)] "E:\nwjs-v0.13.0-alpha7-x64-new\nw.exe"
[0127/125855:INFO:nw_package.cc(175)] "E:\nwjs-v0.13.0-alpha7-x64-new\nw.exe"
[0127/125932:INFO:nw_package.cc(175)] "E:\nwjs-v0.13.0-alpha7-x64-new\nw.exe"
[0127/153151:INFO:nw_package.cc(175)] "E:\nwjs-v0.13.0-alpha7-x64-new\nw.exe"
[0127/153324:INFO:nw_package.cc(175)] "E:\nwjs-v0.13.0-alpha7-x64-new\nw.exe"
[0127/164105:INFO:nw_package.cc(175)] "E:\nwjs-v0.13.0-alpha7-x64-new\nw.exe"
[0127/164215:INFO:nw_package.cc(175)] "E:\nwjs-v0.13.0-alpha7-x64-new\nw.exe"
[0127/165114:INFO:nw_package.cc(175)] "E:\nwjs-v0.13.0-alpha7-x64-new\nw.exe"
[0127/170626:INFO:nw_package.cc(175)] "E:\nwjs-v0.13.0-alpha7-x64-new\nw.exe"
[0127/170730:INFO:nw_package.cc(175)] "E:\nwjs-v0.13.0-alpha7-x64-new\nw.exe"
[0127/171038:INFO:nw_package.cc(175)] "E:\nwjs-v0.13.0-alpha7-x64-new\nw.exe"
[0127/171348:INFO:nw_package.cc(175)] "E:\nwjs-v0.13.0-alpha7-x64-new\nw.exe"
[0127/171549:INFO:nw_package.cc(175)] "E:\nwjs-v0.13.0-alpha7-x64-new\nw.exe"
[0127/172002:INFO:nw_package.cc(175)] "E:\nwjs-v0.13.0-alpha7-x64-new\nw.exe"
[0127/172155:INFO:nw_package.cc(175)] "E:\nwjs-v0.13.0-alpha7-x64-new\nw.exe"
[0127/172256:INFO:nw_package.cc(175)] "E:\nwjs-v0.13.0-alpha7-x64-new\nw.exe"
[0127/172451:INFO:nw_package.cc(175)] "E:\nwjs-v0.13.0-alpha7-x64-new\nw.exe"
[0127/172732:INFO:nw_package.cc(175)] "E:\nwjs-v0.13.0-alpha7-x64-new\nw.exe"
[0127/173046:INFO:nw_package.cc(175)] "E:\nwjs-v0.13.0-alpha7-x64-new\nw.exe"
[0127/173332:INFO:nw_package.cc(175)] "E:\nwjs-v0.13.0-alpha7-x64-new\nw.exe"
[0127/185852:INFO:nw_package.cc(175)] "E:\nwjs-v0.13.0-alpha7-x64-new\nw.exe"
[0127/185953:INFO:nw_package.cc(175)] "E:\nwjs-v0.13.0-alpha7-x64-new\nw.exe"
[0127/190036:INFO:nw_package.cc(175)] "E:\nwjs-v0.13.0-alpha7-x64-new\nw.exe"
[0127/190133:INFO:nw_package.cc(175)] "E:\nwjs-v0.13.0-alpha7-x64-new\nw.exe"
[0127/190200:INFO:nw_package.cc(175)] "E:\nwjs-v0.13.0-alpha7-x64-new\nw.exe"
[0127/190227:INFO:nw_package.cc(175)] "E:\nwjs-v0.13.0-alpha7-x64-new\nw.exe"
[0128/114123:INFO:nw_package.cc(175)] "E:\nwjs-v0.13.0-alpha7-x64-new\nw.exe"
[0128/114342:INFO:nw_package.cc(175)] "E:\nwjs-v0.13.0-alpha7-x64-new\nw.exe"
[0128/114411:INFO:nw_package.cc(175)] "E:\nwjs-v0.13.0-alpha7-x64-new\nw.exe"
[0128/124908:INFO:nw_package.cc(175)] "E:\nwjs-v0.13.0-alpha7-x64-new\nw.exe"
[0128/140913:INFO:nw_package.cc(175)] "E:\nwjs-v0.13.0-alpha7-x64-new\nw.exe"
[0128/141014:ERROR:image_metadata_extractor.cc(112)] Couldn't load libexif. 126
[0128/150737:INFO:nw_package.cc(175)] "E:\nwjs-v0.13.0-alpha7-x64-new\nw.exe"
[0128/155914:INFO:nw_package.cc(175)] "E:\nwjs-v0.13.0-alpha7-x64-new\nw.exe"
[0128/160032:INFO:nw_package.cc(175)] "E:\nwjs-v0.13.0-alpha7-x64-new\nw.exe"
[0128/160127:INFO:nw_package.cc(175)] "E:\nwjs-v0.13.0-alpha7-x64-new\nw.exe"
[0128/160221:INFO:nw_package.cc(175)] "E:\nwjs-v0.13.0-alpha7-x64-new\nw.exe"
[0128/160313:INFO:nw_package.cc(175)] "E:\nwjs-v0.13.0-alpha7-x64-new\nw.exe"
[0128/160839:INFO:nw_package.cc(175)] "E:\nwjs-v0.13.0-alpha7-x64-new\nw.exe"
[0128/161101:INFO:nw_package.cc(175)] "E:\nwjs-v0.13.0-alpha7-x64-new\nw.exe"
[0128/161820:INFO:nw_package.cc(175)] "E:\nwjs-v0.13.0-alpha7-x64-new\nw.exe"
[0128/162026:INFO:nw_package.cc(175)] "E:\nwjs-v0.13.0-alpha7-x64-new\nw.exe"
[0128/163746:INFO:nw_package.cc(175)] "E:\nwjs-v0.13.0-alpha7-x64-new\nw.exe"
[0128/163814:INFO:nw_package.cc(175)] "E:\nwjs-v0.13.0-alpha7-x64-new\nw.exe"
[0128/164007:INFO:nw_package.cc(175)] "E:\nwjs-v0.13.0-alpha7-x64-new\nw.exe"
[0128/164010:INFO:nw_package.cc(175)] "E:\nwjs-v0.13.0-alpha7-x64-new\nw.exe"
[0128/164019:INFO:nw_package.cc(175)] "E:\nwjs-v0.13.0-alpha7-x64-new\nw.exe"
[0128/164225:INFO:nw_package.cc(175)] "E:\nwjs-v0.13.0-alpha7-x64-new\nw.exe"
[0128/164352:INFO:nw_package.cc(175)] "E:\nwjs-v0.13.0-alpha7-x64-new\nw.exe"
[0128/165214:INFO:nw_package.cc(175)] "E:\nwjs-v0.13.0-alpha7-x64-new\nw.exe"
[0128/165756:INFO:nw_package.cc(175)] "E:\nwjs-v0.13.0-alpha7-x64-new\nw.exe"
[0128/170335:INFO:nw_package.cc(175)] "E:\nwjs-v0.13.0-alpha7-x64-new\nw.exe"
